This is pdfTeX, Version 3.14159265-2.6-1.40.21 (MiKTeX 2.9.7300 64-bit) (preloaded format=pdflatex 2020.3.21)  24 JUL 2020 15:08
entering extended mode
**./notes.tex
(notes.tex
LaTeX2e <2020-02-02> patch level 5
L3 programming layer <2020-03-06>
("C:\Program Files\MiKTeX 2.9\tex/latex/base\report.cls"
Document Class: report 2019/12/20 v1.4l Standard LaTeX document class
("C:\Program Files\MiKTeX 2.9\tex/latex/base\size12.clo"
File: size12.clo 2019/12/20 v1.4l Standard LaTeX file (size option)
)
\c@part=\count167
\c@chapter=\count168
\c@section=\count169
\c@subsection=\count170
\c@subsubsection=\count171
\c@paragraph=\count172
\c@subparagraph=\count173
\c@figure=\count174
\c@table=\count175
\abovecaptionskip=\skip47
\belowcaptionskip=\skip48
\bibindent=\dimen134
)
("C:\Program Files\MiKTeX 2.9\tex/latex/graphics\graphicx.sty"
Package: graphicx 2019/11/30 v1.2a Enhanced LaTeX Graphics (DPC,SPQR)

("C:\Program Files\MiKTeX 2.9\tex/latex/graphics\keyval.sty"
Package: keyval 2014/10/28 v1.15 key=value parser (DPC)
\KV@toks@=\toks15
)
("C:\Program Files\MiKTeX 2.9\tex/latex/graphics\graphics.sty"
Package: graphics 2019/11/30 v1.4a Standard LaTeX Graphics (DPC,SPQR)

("C:\Program Files\MiKTeX 2.9\tex/latex/graphics\trig.sty"
Package: trig 2016/01/03 v1.10 sin cos tan (DPC)
)
("C:\Program Files\MiKTeX 2.9\tex/latex/graphics-cfg\graphics.cfg"
File: graphics.cfg 2016/06/04 v1.11 sample graphics configuration
)
Package graphics Info: Driver file: pdftex.def on input line 105.

("C:\Program Files\MiKTeX 2.9\tex/latex/graphics-def\pdftex.def"
File: pdftex.def 2018/01/08 v1.0l Graphics/color driver for pdftex
))
\Gin@req@height=\dimen135
\Gin@req@width=\dimen136
)
("C:\Program Files\MiKTeX 2.9\tex/latex/preprint\fullpage.sty"
Package: fullpage 1999/02/23 1.1 (PWD)
\FP@margin=\skip49
)
("C:\Program Files\MiKTeX 2.9\tex/latex/float\float.sty"
Package: float 2001/11/08 v1.3d Float enhancements (AL)
\c@float@type=\count176
\float@exts=\toks16
\float@box=\box45
\@float@everytoks=\toks17
\@floatcapt=\box46
)
("C:\Program Files\MiKTeX 2.9\tex/latex/tools\longtable.sty"
Package: longtable 2020/01/07 v4.13 Multi-page Table package (DPC)
\LTleft=\skip50
\LTright=\skip51
\LTpre=\skip52
\LTpost=\skip53
\LTchunksize=\count177
\LTcapwidth=\dimen137
\LT@head=\box47
\LT@firsthead=\box48
\LT@foot=\box49
\LT@lastfoot=\box50
\LT@cols=\count178
\LT@rows=\count179
\c@LT@tables=\count180
\c@LT@chunks=\count181
\LT@p@ftn=\toks18
)
("C:\Program Files\MiKTeX 2.9\tex/latex/amsmath\amsmath.sty"
Package: amsmath 2020/01/20 v2.17e AMS math features
\@mathmargin=\skip54

For additional information on amsmath, use the `?' option.
("C:\Program Files\MiKTeX 2.9\tex/latex/amsmath\amstext.sty"
Package: amstext 2000/06/29 v2.01 AMS text

("C:\Program Files\MiKTeX 2.9\tex/latex/amsmath\amsgen.sty"
File: amsgen.sty 1999/11/30 v2.0 generic functions
\@emptytoks=\toks19
\ex@=\dimen138
))
("C:\Program Files\MiKTeX 2.9\tex/latex/amsmath\amsbsy.sty"
Package: amsbsy 1999/11/29 v1.2d Bold Symbols
\pmbraise@=\dimen139
)
("C:\Program Files\MiKTeX 2.9\tex/latex/amsmath\amsopn.sty"
Package: amsopn 2016/03/08 v2.02 operator names
)
\inf@bad=\count182
LaTeX Info: Redefining \frac on input line 227.
\uproot@=\count183
\leftroot@=\count184
LaTeX Info: Redefining \overline on input line 389.
\classnum@=\count185
\DOTSCASE@=\count186
LaTeX Info: Redefining \ldots on input line 486.
LaTeX Info: Redefining \dots on input line 489.
LaTeX Info: Redefining \cdots on input line 610.
\Mathstrutbox@=\box51
\strutbox@=\box52
\big@size=\dimen140
LaTeX Font Info:    Redeclaring font encoding OML on input line 733.
LaTeX Font Info:    Redeclaring font encoding OMS on input line 734.
\macc@depth=\count187
\c@MaxMatrixCols=\count188
\dotsspace@=\muskip16
\c@parentequation=\count189
\dspbrk@lvl=\count190
\tag@help=\toks20
\row@=\count191
\column@=\count192
\maxfields@=\count193
\andhelp@=\toks21
\eqnshift@=\dimen141
\alignsep@=\dimen142
\tagshift@=\dimen143
\tagwidth@=\dimen144
\totwidth@=\dimen145
\lineht@=\dimen146
\@envbody=\toks22
\multlinegap=\skip55
\multlinetaggap=\skip56
\mathdisplay@stack=\toks23
LaTeX Info: Redefining \[ on input line 2859.
LaTeX Info: Redefining \] on input line 2860.
)
("C:\Program Files\MiKTeX 2.9\tex/latex/ulem\ulem.sty"
\UL@box=\box53
\UL@hyphenbox=\box54
\UL@skip=\skip57
\UL@hook=\toks24
\UL@height=\dimen147
\UL@pe=\count194
\UL@pixel=\dimen148
\ULC@box=\box55
Package: ulem 2019/11/18
\ULdepth=\dimen149
)
("C:\Program Files\MiKTeX 2.9\tex/latex/booktabs\booktabs.sty"
Package: booktabs 2020/01/12 v1.61803398 Publication quality tables
\heavyrulewidth=\dimen150
\lightrulewidth=\dimen151
\cmidrulewidth=\dimen152
\belowrulesep=\dimen153
\belowbottomsep=\dimen154
\aboverulesep=\dimen155
\abovetopsep=\dimen156
\cmidrulesep=\dimen157
\cmidrulekern=\dimen158
\defaultaddspace=\dimen159
\@cmidla=\count195
\@cmidlb=\count196
\@aboverulesep=\dimen160
\@belowrulesep=\dimen161
\@thisruleclass=\count197
\@lastruleclass=\count198
\@thisrulewidth=\dimen162
)
("C:\Program Files\MiKTeX 2.9\tex/latex/tools\array.sty"
Package: array 2019/08/31 v2.4l Tabular extension package (FMi)
\col@sep=\dimen163
\ar@mcellbox=\box56
\extrarowheight=\dimen164
\NC@list=\toks25
\extratabsurround=\skip58
\backup@length=\skip59
\ar@cellbox=\box57
)
("C:\Program Files\MiKTeX 2.9\tex/latex/pgf/frontendlayer\tikz.sty"
("C:\Program Files\MiKTeX 2.9\tex/latex/pgf/basiclayer\pgf.sty"
("C:\Program Files\MiKTeX 2.9\tex/latex/pgf/utilities\pgfrcs.sty"
("C:\Program Files\MiKTeX 2.9\tex/generic/pgf/utilities\pgfutil-common.tex"
\pgfutil@everybye=\toks26
\pgfutil@tempdima=\dimen165
\pgfutil@tempdimb=\dimen166

("C:\Program Files\MiKTeX 2.9\tex/generic/pgf/utilities\pgfutil-common-lists.te
x")) ("C:\Program Files\MiKTeX 2.9\tex/generic/pgf/utilities\pgfutil-latex.def"
\pgfutil@abb=\box58
("C:\Program Files\MiKTeX 2.9\tex/latex/ms\everyshi.sty"
Package: everyshi 2001/05/15 v3.00 EveryShipout Package (MS)
))
("C:\Program Files\MiKTeX 2.9\tex/generic/pgf/utilities\pgfrcs.code.tex"
("C:\Program Files\MiKTeX 2.9\tex/generic/pgf\pgf.revision.tex")
Package: pgfrcs 2020/01/08 v3.1.5b (3.1.5b)
))
Package: pgf 2020/01/08 v3.1.5b (3.1.5b)

("C:\Program Files\MiKTeX 2.9\tex/latex/pgf/basiclayer\pgfcore.sty"
("C:\Program Files\MiKTeX 2.9\tex/latex/pgf/systemlayer\pgfsys.sty"
("C:\Program Files\MiKTeX 2.9\tex/generic/pgf/systemlayer\pgfsys.code.tex"
Package: pgfsys 2020/01/08 v3.1.5b (3.1.5b)

("C:\Program Files\MiKTeX 2.9\tex/generic/pgf/utilities\pgfkeys.code.tex"
\pgfkeys@pathtoks=\toks27
\pgfkeys@temptoks=\toks28

("C:\Program Files\MiKTeX 2.9\tex/generic/pgf/utilities\pgfkeysfiltered.code.te
x"
\pgfkeys@tmptoks=\toks29
))
\pgf@x=\dimen167
\pgf@y=\dimen168
\pgf@xa=\dimen169
\pgf@ya=\dimen170
\pgf@xb=\dimen171
\pgf@yb=\dimen172
\pgf@xc=\dimen173
\pgf@yc=\dimen174
\pgf@xd=\dimen175
\pgf@yd=\dimen176
\w@pgf@writea=\write3
\r@pgf@reada=\read2
\c@pgf@counta=\count199
\c@pgf@countb=\count266
\c@pgf@countc=\count267
\c@pgf@countd=\count268
\t@pgf@toka=\toks30
\t@pgf@tokb=\toks31
\t@pgf@tokc=\toks32
\pgf@sys@id@count=\count269
 ("C:\Program Files\MiKTeX 2.9\tex/generic/pgf/systemlayer\pgf.cfg"
File: pgf.cfg 2020/01/08 v3.1.5b (3.1.5b)
)
Driver file for pgf: pgfsys-pdftex.def

("C:\Program Files\MiKTeX 2.9\tex/generic/pgf/systemlayer\pgfsys-pdftex.def"
File: pgfsys-pdftex.def 2020/01/08 v3.1.5b (3.1.5b)

("C:\Program Files\MiKTeX 2.9\tex/generic/pgf/systemlayer\pgfsys-common-pdf.def
"
File: pgfsys-common-pdf.def 2020/01/08 v3.1.5b (3.1.5b)
)))
("C:\Program Files\MiKTeX 2.9\tex/generic/pgf/systemlayer\pgfsyssoftpath.code.t
ex"
File: pgfsyssoftpath.code.tex 2020/01/08 v3.1.5b (3.1.5b)
\pgfsyssoftpath@smallbuffer@items=\count270
\pgfsyssoftpath@bigbuffer@items=\count271
)
("C:\Program Files\MiKTeX 2.9\tex/generic/pgf/systemlayer\pgfsysprotocol.code.t
ex"
File: pgfsysprotocol.code.tex 2020/01/08 v3.1.5b (3.1.5b)
)) ("C:\Program Files\MiKTeX 2.9\tex/latex/xcolor\xcolor.sty"
Package: xcolor 2016/05/11 v2.12 LaTeX color extensions (UK)

("C:\Program Files\MiKTeX 2.9\tex/latex/graphics-cfg\color.cfg"
File: color.cfg 2016/01/02 v1.6 sample color configuration
)
Package xcolor Info: Driver file: pdftex.def on input line 225.
Package xcolor Info: Model `cmy' substituted by `cmy0' on input line 1348.
Package xcolor Info: Model `hsb' substituted by `rgb' on input line 1352.
Package xcolor Info: Model `RGB' extended on input line 1364.
Package xcolor Info: Model `HTML' substituted by `rgb' on input line 1366.
Package xcolor Info: Model `Hsb' substituted by `hsb' on input line 1367.
Package xcolor Info: Model `tHsb' substituted by `hsb' on input line 1368.
Package xcolor Info: Model `HSB' substituted by `hsb' on input line 1369.
Package xcolor Info: Model `Gray' substituted by `gray' on input line 1370.
Package xcolor Info: Model `wave' substituted by `hsb' on input line 1371.
)
("C:\Program Files\MiKTeX 2.9\tex/generic/pgf/basiclayer\pgfcore.code.tex"
Package: pgfcore 2020/01/08 v3.1.5b (3.1.5b)

("C:\Program Files\MiKTeX 2.9\tex/generic/pgf/math\pgfmath.code.tex"
("C:\Program Files\MiKTeX 2.9\tex/generic/pgf/math\pgfmathcalc.code.tex"
("C:\Program Files\MiKTeX 2.9\tex/generic/pgf/math\pgfmathutil.code.tex")
("C:\Program Files\MiKTeX 2.9\tex/generic/pgf/math\pgfmathparser.code.tex"
\pgfmath@dimen=\dimen177
\pgfmath@count=\count272
\pgfmath@box=\box59
\pgfmath@toks=\toks33
\pgfmath@stack@operand=\toks34
\pgfmath@stack@operation=\toks35
)
("C:\Program Files\MiKTeX 2.9\tex/generic/pgf/math\pgfmathfunctions.code.tex"
("C:\Program Files\MiKTeX 2.9\tex/generic/pgf/math\pgfmathfunctions.basic.code.
tex")
("C:\Program Files\MiKTeX 2.9\tex/generic/pgf/math\pgfmathfunctions.trigonometr
ic.code.tex")
("C:\Program Files\MiKTeX 2.9\tex/generic/pgf/math\pgfmathfunctions.random.code
.tex")
("C:\Program Files\MiKTeX 2.9\tex/generic/pgf/math\pgfmathfunctions.comparison.
code.tex")
("C:\Program Files\MiKTeX 2.9\tex/generic/pgf/math\pgfmathfunctions.base.code.t
ex")
("C:\Program Files\MiKTeX 2.9\tex/generic/pgf/math\pgfmathfunctions.round.code.
tex")
("C:\Program Files\MiKTeX 2.9\tex/generic/pgf/math\pgfmathfunctions.misc.code.t
ex")
("C:\Program Files\MiKTeX 2.9\tex/generic/pgf/math\pgfmathfunctions.integerarit
hmetics.code.tex")))
("C:\Program Files\MiKTeX 2.9\tex/generic/pgf/math\pgfmathfloat.code.tex"
\c@pgfmathroundto@lastzeros=\count273
))
("C:\Program Files\MiKTeX 2.9\tex/generic/pgf/math\pgfint.code.tex")
("C:\Program Files\MiKTeX 2.9\tex/generic/pgf/basiclayer\pgfcorepoints.code.tex
"
File: pgfcorepoints.code.tex 2020/01/08 v3.1.5b (3.1.5b)
\pgf@picminx=\dimen178
\pgf@picmaxx=\dimen179
\pgf@picminy=\dimen180
\pgf@picmaxy=\dimen181
\pgf@pathminx=\dimen182
\pgf@pathmaxx=\dimen183
\pgf@pathminy=\dimen184
\pgf@pathmaxy=\dimen185
\pgf@xx=\dimen186
\pgf@xy=\dimen187
\pgf@yx=\dimen188
\pgf@yy=\dimen189
\pgf@zx=\dimen190
\pgf@zy=\dimen191
)
("C:\Program Files\MiKTeX 2.9\tex/generic/pgf/basiclayer\pgfcorepathconstruct.c
ode.tex"
File: pgfcorepathconstruct.code.tex 2020/01/08 v3.1.5b (3.1.5b)
\pgf@path@lastx=\dimen192
\pgf@path@lasty=\dimen193
)
("C:\Program Files\MiKTeX 2.9\tex/generic/pgf/basiclayer\pgfcorepathusage.code.
tex"
File: pgfcorepathusage.code.tex 2020/01/08 v3.1.5b (3.1.5b)
\pgf@shorten@end@additional=\dimen194
\pgf@shorten@start@additional=\dimen195
)
("C:\Program Files\MiKTeX 2.9\tex/generic/pgf/basiclayer\pgfcorescopes.code.tex
"
File: pgfcorescopes.code.tex 2020/01/08 v3.1.5b (3.1.5b)
\pgfpic=\box60
\pgf@hbox=\box61
\pgf@layerbox@main=\box62
\pgf@picture@serial@count=\count274
)
("C:\Program Files\MiKTeX 2.9\tex/generic/pgf/basiclayer\pgfcoregraphicstate.co
de.tex"
File: pgfcoregraphicstate.code.tex 2020/01/08 v3.1.5b (3.1.5b)
\pgflinewidth=\dimen196
)
("C:\Program Files\MiKTeX 2.9\tex/generic/pgf/basiclayer\pgfcoretransformations
.code.tex"
File: pgfcoretransformations.code.tex 2020/01/08 v3.1.5b (3.1.5b)
\pgf@pt@x=\dimen197
\pgf@pt@y=\dimen198
\pgf@pt@temp=\dimen199
)
("C:\Program Files\MiKTeX 2.9\tex/generic/pgf/basiclayer\pgfcorequick.code.tex"
File: pgfcorequick.code.tex 2020/01/08 v3.1.5b (3.1.5b)
)
("C:\Program Files\MiKTeX 2.9\tex/generic/pgf/basiclayer\pgfcoreobjects.code.te
x"
File: pgfcoreobjects.code.tex 2020/01/08 v3.1.5b (3.1.5b)
)
("C:\Program Files\MiKTeX 2.9\tex/generic/pgf/basiclayer\pgfcorepathprocessing.
code.tex"
File: pgfcorepathprocessing.code.tex 2020/01/08 v3.1.5b (3.1.5b)
)
("C:\Program Files\MiKTeX 2.9\tex/generic/pgf/basiclayer\pgfcorearrows.code.tex
"
File: pgfcorearrows.code.tex 2020/01/08 v3.1.5b (3.1.5b)
\pgfarrowsep=\dimen256
)
("C:\Program Files\MiKTeX 2.9\tex/generic/pgf/basiclayer\pgfcoreshade.code.tex"
File: pgfcoreshade.code.tex 2020/01/08 v3.1.5b (3.1.5b)
\pgf@max=\dimen257
\pgf@sys@shading@range@num=\count275
\pgf@shadingcount=\count276
) ("C:\Program Files\MiKTeX 2.9\tex/generic/pgf/basiclayer\pgfcoreimage.code.te
x"
File: pgfcoreimage.code.tex 2020/01/08 v3.1.5b (3.1.5b)

("C:\Program Files\MiKTeX 2.9\tex/generic/pgf/basiclayer\pgfcoreexternal.code.t
ex"
File: pgfcoreexternal.code.tex 2020/01/08 v3.1.5b (3.1.5b)
\pgfexternal@startupbox=\box63
))
("C:\Program Files\MiKTeX 2.9\tex/generic/pgf/basiclayer\pgfcorelayers.code.tex
"
File: pgfcorelayers.code.tex 2020/01/08 v3.1.5b (3.1.5b)
)
("C:\Program Files\MiKTeX 2.9\tex/generic/pgf/basiclayer\pgfcoretransparency.co
de.tex"
File: pgfcoretransparency.code.tex 2020/01/08 v3.1.5b (3.1.5b)
)
("C:\Program Files\MiKTeX 2.9\tex/generic/pgf/basiclayer\pgfcorepatterns.code.t
ex"
File: pgfcorepatterns.code.tex 2020/01/08 v3.1.5b (3.1.5b)
)
("C:\Program Files\MiKTeX 2.9\tex/generic/pgf/basiclayer\pgfcorerdf.code.tex"
File: pgfcorerdf.code.tex 2020/01/08 v3.1.5b (3.1.5b)
))) ("C:\Program Files\MiKTeX 2.9\tex/generic/pgf/modules\pgfmoduleshapes.code.
tex"
File: pgfmoduleshapes.code.tex 2020/01/08 v3.1.5b (3.1.5b)
\pgfnodeparttextbox=\box64
) ("C:\Program Files\MiKTeX 2.9\tex/generic/pgf/modules\pgfmoduleplot.code.tex"
File: pgfmoduleplot.code.tex 2020/01/08 v3.1.5b (3.1.5b)
)
("C:\Program Files\MiKTeX 2.9\tex/latex/pgf/compatibility\pgfcomp-version-0-65.
sty"
Package: pgfcomp-version-0-65 2020/01/08 v3.1.5b (3.1.5b)
\pgf@nodesepstart=\dimen258
\pgf@nodesepend=\dimen259
)
("C:\Program Files\MiKTeX 2.9\tex/latex/pgf/compatibility\pgfcomp-version-1-18.
sty"
Package: pgfcomp-version-1-18 2020/01/08 v3.1.5b (3.1.5b)
)) ("C:\Program Files\MiKTeX 2.9\tex/latex/pgf/utilities\pgffor.sty"
("C:\Program Files\MiKTeX 2.9\tex/latex/pgf/utilities\pgfkeys.sty"
("C:\Program Files\MiKTeX 2.9\tex/generic/pgf/utilities\pgfkeys.code.tex"))
("C:\Program Files\MiKTeX 2.9\tex/latex/pgf/math\pgfmath.sty"
("C:\Program Files\MiKTeX 2.9\tex/generic/pgf/math\pgfmath.code.tex"))
("C:\Program Files\MiKTeX 2.9\tex/generic/pgf/utilities\pgffor.code.tex"
Package: pgffor 2020/01/08 v3.1.5b (3.1.5b)

("C:\Program Files\MiKTeX 2.9\tex/generic/pgf/math\pgfmath.code.tex")
\pgffor@iter=\dimen260
\pgffor@skip=\dimen261
\pgffor@stack=\toks36
\pgffor@toks=\toks37
))
("C:\Program Files\MiKTeX 2.9\tex/generic/pgf/frontendlayer/tikz\tikz.code.tex"
Package: tikz 2020/01/08 v3.1.5b (3.1.5b)

("C:\Program Files\MiKTeX 2.9\tex/generic/pgf/libraries\pgflibraryplothandlers.
code.tex"
File: pgflibraryplothandlers.code.tex 2020/01/08 v3.1.5b (3.1.5b)
\pgf@plot@mark@count=\count277
\pgfplotmarksize=\dimen262
)
\tikz@lastx=\dimen263
\tikz@lasty=\dimen264
\tikz@lastxsaved=\dimen265
\tikz@lastysaved=\dimen266
\tikz@lastmovetox=\dimen267
\tikz@lastmovetoy=\dimen268
\tikzleveldistance=\dimen269
\tikzsiblingdistance=\dimen270
\tikz@figbox=\box65
\tikz@figbox@bg=\box66
\tikz@tempbox=\box67
\tikz@tempbox@bg=\box68
\tikztreelevel=\count278
\tikznumberofchildren=\count279
\tikznumberofcurrentchild=\count280
\tikz@fig@count=\count281

("C:\Program Files\MiKTeX 2.9\tex/generic/pgf/modules\pgfmodulematrix.code.tex"
File: pgfmodulematrix.code.tex 2020/01/08 v3.1.5b (3.1.5b)
\pgfmatrixcurrentrow=\count282
\pgfmatrixcurrentcolumn=\count283
\pgf@matrix@numberofcolumns=\count284
)
\tikz@expandcount=\count285

("C:\Program Files\MiKTeX 2.9\tex/generic/pgf/frontendlayer/tikz/libraries\tikz
librarytopaths.code.tex"
File: tikzlibrarytopaths.code.tex 2020/01/08 v3.1.5b (3.1.5b)
)))
("C:\Program Files\MiKTeX 2.9\tex/latex/parskip\parskip.sty"
Package: parskip 2020-06-15 v2.0f non-zero parskip adjustments

("C:\Program Files\MiKTeX 2.9\tex/latex/kvoptions\kvoptions.sty"
Package: kvoptions 2019/11/29 v3.13 Key value format for package options (HO)

("C:\Program Files\MiKTeX 2.9\tex/generic/ltxcmds\ltxcmds.sty"
Package: ltxcmds 2019/12/15 v1.24 LaTeX kernel commands for general use (HO)
)
("C:\Program Files\MiKTeX 2.9\tex/generic/kvsetkeys\kvsetkeys.sty"
Package: kvsetkeys 2019/12/15 v1.18 Key value parser (HO)
))
("C:\Program Files\MiKTeX 2.9\tex/latex/etoolbox\etoolbox.sty"
Package: etoolbox 2019/09/21 v2.5h e-TeX tools for LaTeX (JAW)
\etb@tempcnta=\count286
))
("C:\Program Files\MiKTeX 2.9\tex/latex/l3backend\l3backend-pdfmode.def"
File: l3backend-pdfmode.def 2020-03-12 L3 backend support: PDF mode
\l__kernel_color_stack_int=\count287
\l__pdf_internal_box=\box69
)
(notes.aux

LaTeX Warning: Label `long' multiply defined.


LaTeX Warning: Label `long' multiply defined.


LaTeX Warning: Label `long' multiply defined.

)
\openout1 = `notes.aux'.

LaTeX Font Info:    Checking defaults for OML/cmm/m/it on input line 16.
LaTeX Font Info:    ... okay on input line 16.
LaTeX Font Info:    Checking defaults for OMS/cmsy/m/n on input line 16.
LaTeX Font Info:    ... okay on input line 16.
LaTeX Font Info:    Checking defaults for OT1/cmr/m/n on input line 16.
LaTeX Font Info:    ... okay on input line 16.
LaTeX Font Info:    Checking defaults for T1/cmr/m/n on input line 16.
LaTeX Font Info:    ... okay on input line 16.
LaTeX Font Info:    Checking defaults for TS1/cmr/m/n on input line 16.
LaTeX Font Info:    ... okay on input line 16.
LaTeX Font Info:    Checking defaults for OMX/cmex/m/n on input line 16.
LaTeX Font Info:    ... okay on input line 16.
LaTeX Font Info:    Checking defaults for U/cmr/m/n on input line 16.
LaTeX Font Info:    ... okay on input line 16.
 ("C:\Program Files\MiKTeX 2.9\tex/context/base/mkii\supp-pdf.mkii"
[Loading MPS to PDF converter (version 2006.09.02).]
\scratchcounter=\count288
\scratchdimen=\dimen271
\scratchbox=\box70
\nofMPsegments=\count289
\nofMParguments=\count290
\everyMPshowfont=\toks38
\MPscratchCnt=\count291
\MPscratchDim=\dimen272
\MPnumerator=\count292
\makeMPintoPDFobject=\count293
\everyMPtoPDFconversion=\toks39
) ("C:\Program Files\MiKTeX 2.9\tex/latex/epstopdf-pkg\epstopdf-base.sty"
Package: epstopdf-base 2020-01-24 v2.11 Base part for package epstopdf
Package epstopdf-base Info: Redefining graphics rule for `.eps' on input line 4
85.
)
ABD: EveryShipout initializing macros

LaTeX Warning: No \author given.

[1

{C:/Users/Home/AppData/Local/MiKTeX/2.9/pdftex/config/pdftex.map}] (notes.toc [
1

] [2] [3])
\tf@toc=\write4
\openout4 = `notes.toc'.

 [4]
Study Unit 1.
[5

] [6] [7] [8] [9]
Overfull \hbox (1.01787pt too wide) in paragraph at lines 131--132
[]\OT1/cmr/bx/n/12 Structural In-de-pen-dence \OT1/cmr/m/n/12 - A data char-ac-
ter-is-tic in which changes in the database
 []

[10] [11] [12] [13] [14] [15] [16] [17] [18]
<ERNot.jpg, id=70, 1160.83687pt x 565.36218pt>
File: ERNot.jpg Graphic file (type jpg)
<use ERNot.jpg>
Package pdftex.def Info: ERNot.jpg  used on input line 301.
(pdftex.def)             Requested size: 348.25374pt x 169.60995pt.
 [19 <./ERNot.jpg>] [20] [21]
<DMSummary.jpg, id=80, 834.11626pt x 551.81157pt>
File: DMSummary.jpg Graphic file (type jpg)
<use DMSummary.jpg>
Package pdftex.def Info: DMSummary.jpg  used on input line 356.
(pdftex.def)             Requested size: 417.05711pt x 275.9051pt.
<DLAbs.jpg, id=81, 1008.76875pt x 569.12625pt>
File: DLAbs.jpg Graphic file (type jpg)
<use DLAbs.jpg>
Package pdftex.def Info: DLAbs.jpg  used on input line 363.
(pdftex.def)             Requested size: 453.94174pt x 256.10445pt.

Overfull \hbox (0.97385pt too wide) in paragraph at lines 363--364
 [][] 
 []

[22 <./DMSummary.jpg>] [23 <./DLAbs.jpg>] [24] [25]
Study Unit 2.
[26

] [27]
Overfull \hbox (0.82089pt too wide) in paragraph at lines 434--435
\OT1/cmr/m/n/12 The \OT1/cmr/bx/n/12 Database Life Cy-cle (DBLC) \OT1/cmr/m/n/1
2 con-tains six phases: database ini-tial study, database
 []

[28] [29] [30] [31] [32] [33] [34]
Study Unit 3.

Underfull \hbox (badness 10000) in paragraph at lines 610--611

 []


Underfull \hbox (badness 10000) in paragraph at lines 610--611

 []


Overfull \hbox (7.63338pt too wide) in paragraph at lines 616--616
[]|\OT1/cmr/m/it/12 1| 
 []


Overfull \hbox (7.63338pt too wide) in paragraph at lines 617--617
[]|\OT1/cmr/m/it/12 2| 
 []


Overfull \hbox (7.63338pt too wide) in paragraph at lines 618--618
[]|\OT1/cmr/m/it/12 3| 
 []


Overfull \hbox (7.63338pt too wide) in paragraph at lines 619--619
[]|\OT1/cmr/m/it/12 4| 
 []


Overfull \hbox (7.63338pt too wide) in paragraph at lines 620--620
[]|\OT1/cmr/m/it/12 5| 
 []


Overfull \hbox (7.63338pt too wide) in paragraph at lines 621--621
[]|\OT1/cmr/m/it/12 6| 
 []


Overfull \hbox (7.63338pt too wide) in paragraph at lines 622--622
[]|\OT1/cmr/m/it/12 7| 
 []


Overfull \hbox (7.63338pt too wide) in paragraph at lines 623--623
[]|\OT1/cmr/m/it/12 8| 
 []


Overfull \hbox (17.37068pt too wide) in alignment at lines 612--626
 [] [] 
 []

[35

]
Underfull \hbox (badness 10000) in paragraph at lines 631--641

 []


Underfull \hbox (badness 10000) in paragraph at lines 631--641

 []


Underfull \hbox (badness 10000) in paragraph at lines 631--641

 []


Underfull \hbox (badness 10000) in paragraph at lines 631--641

 []


Underfull \hbox (badness 10000) in paragraph at lines 631--641

 []


Underfull \hbox (badness 10000) in paragraph at lines 631--641

 []


Underfull \hbox (badness 10000) in paragraph at lines 631--641

 []


Underfull \hbox (badness 10000) in paragraph at lines 631--641

 []

[36] [37]
Underfull \hbox (badness 10000) in paragraph at lines 669--669
[]|\OT1/cmr/m/it/12 Entity
 []


Overfull \hbox (14.66109pt too wide) in paragraph at lines 671--671
[]|\OT1/cmr/m/it/12 Requirement| 
 []


Overfull \hbox (5.41934pt too wide) in paragraph at lines 675--675
[]|\OT1/cmr/m/it/12 Referential
 []


Overfull \hbox (14.66109pt too wide) in paragraph at lines 677--677
[]|\OT1/cmr/m/it/12 Requirement| 
 []


Overfull \hbox (38.71024pt too wide) in alignment at lines 665--682
 [] [] 
 []

[38]

LaTeX Warning: Command \textunderscore invalid in math mode on input line 693.


LaTeX Warning: Command \textunderscore invalid in math mode on input line 696.


LaTeX Warning: Command \textunderscore invalid in math mode on input line 696.


LaTeX Warning: Command \textunderscore invalid in math mode on input line 698.


LaTeX Warning: Command \textunderscore invalid in math mode on input line 698.


LaTeX Warning: Command \textunderscore invalid in math mode on input line 698.


LaTeX Warning: Command \textunderscore invalid in math mode on input line 703.


LaTeX Warning: Command \textunderscore invalid in math mode on input line 703.


LaTeX Warning: Command \textunderscore invalid in math mode on input line 709.


LaTeX Warning: Command \textunderscore invalid in math mode on input line 709.


LaTeX Warning: Command \textunderscore invalid in math mode on input line 713.


LaTeX Warning: Command \textunderscore invalid in math mode on input line 713.


Underfull \hbox (badness 10000) in paragraph at lines 691--725

 []


Underfull \hbox (badness 10000) in paragraph at lines 691--725

 []


Underfull \hbox (badness 10000) in paragraph at lines 691--725

 []


Underfull \hbox (badness 10000) in paragraph at lines 691--725

 []


Underfull \hbox (badness 10000) in paragraph at lines 691--725

 []


Underfull \hbox (badness 10000) in paragraph at lines 691--725

 []


Underfull \hbox (badness 10000) in paragraph at lines 691--725

 []


Underfull \hbox (badness 10000) in paragraph at lines 691--725

 []


Underfull \hbox (badness 10000) in paragraph at lines 691--725

 []


Underfull \hbox (badness 10000) in paragraph at lines 691--725

 []


Underfull \hbox (badness 10000) in paragraph at lines 691--725

 []


Underfull \hbox (badness 10000) in paragraph at lines 691--725

 []


Underfull \hbox (badness 10000) in paragraph at lines 691--725

 []


Underfull \hbox (badness 10000) in paragraph at lines 691--725

 []


Underfull \hbox (badness 10000) in paragraph at lines 691--725

 []


Underfull \hbox (badness 10000) in paragraph at lines 691--725

 []


Underfull \hbox (badness 10000) in paragraph at lines 691--725

 []


Underfull \hbox (badness 10000) in paragraph at lines 691--725

 []


Underfull \hbox (badness 10000) in paragraph at lines 691--725

 []


Underfull \hbox (badness 10000) in paragraph at lines 691--725

 []


Underfull \hbox (badness 10000) in paragraph at lines 691--725

 []


Underfull \hbox (badness 10000) in paragraph at lines 691--725

 []


Underfull \hbox (badness 10000) in paragraph at lines 691--725

 []


Underfull \hbox (badness 10000) in paragraph at lines 691--725

 []


Underfull \hbox (badness 10000) in paragraph at lines 691--725

 []

[39] [40] [41]
Underfull \hbox (badness 10000) in paragraph at lines 736--742

 []

[42] [43] [44] [45]
Overfull \hbox (17.37068pt too wide) in alignment at lines 895--928
 [] [] 
 []

[46]
Study Unit 4.

Underfull \hbox (badness 10000) in paragraph at lines 940--943

 []

[47

]
<Attr.jpg, id=170, 855.195pt x 232.61906pt>
File: Attr.jpg Graphic file (type jpg)
<use Attr.jpg>
Package pdftex.def Info: Attr.jpg  used on input line 954.
(pdftex.def)             Requested size: 427.59647pt x 116.30923pt.
<Attr2.jpg, id=171, 853.68938pt x 232.61906pt>
File: Attr2.jpg Graphic file (type jpg)
<use Attr2.jpg>
Package pdftex.def Info: Attr2.jpg  used on input line 971.
(pdftex.def)             Requested size: 426.84364pt x 116.30923pt.

Underfull \hbox (badness 10000) in paragraph at lines 957--973

 []


Underfull \hbox (badness 10000) in paragraph at lines 957--973

 []


Underfull \hbox (badness 10000) in paragraph at lines 957--973

 []


Underfull \hbox (badness 10000) in paragraph at lines 957--973

 []

[48 <./Attr.jpg>]
<Attr3.jpg, id=176, 743.02594pt x 244.66406pt>
File: Attr3.jpg Graphic file (type jpg)
<use Attr3.jpg>
Package pdftex.def Info: Attr3.jpg  used on input line 981.
(pdftex.def)             Requested size: 371.51205pt x 122.33173pt.

Underfull \hbox (badness 10000) in paragraph at lines 977--983

 []

[49 <./Attr2.jpg>]
<Attr4.jpg, id=180, 583.42969pt x 140.77594pt>
File: Attr4.jpg Graphic file (type jpg)
<use Attr4.jpg>
Package pdftex.def Info: Attr4.jpg  used on input line 988.
(pdftex.def)             Requested size: 291.71413pt x 70.38779pt.
<Attr5.jpg, id=181, 674.52pt x 222.07968pt>
File: Attr5.jpg Graphic file (type jpg)
<use Attr5.jpg>
Package pdftex.def Info: Attr5.jpg  used on input line 995.
(pdftex.def)             Requested size: 337.25917pt x 111.03957pt.
 [50 <./Attr3.jpg> <./Attr4.jpg>] [51 <./Attr5.jpg>]
<ConnCard.jpg, id=188, 347.04657pt x 183.68625pt>
File: ConnCard.jpg Graphic file (type jpg)
<use ConnCard.jpg>
Package pdftex.def Info: ConnCard.jpg  used on input line 1032.
(pdftex.def)             Requested size: 277.63762pt x 146.94917pt.
 [52 <./ConnCard.jpg>]
Underfull \hbox (badness 10000) in paragraph at lines 1038--1043

 []

<Weak.jpg, id=192, 585.68813pt x 475.7775pt>
File: Weak.jpg Graphic file (type jpg)
<use Weak.jpg>
Package pdftex.def Info: Weak.jpg  used on input line 1051.
(pdftex.def)             Requested size: 351.41559pt x 285.46869pt.
[53]
Underfull \hbox (badness 10000) in paragraph at lines 1056--1065

 []


Underfull \hbox (badness 10000) in paragraph at lines 1056--1065

 []


Underfull \hbox (badness 10000) in paragraph at lines 1056--1065

 []

[54 <./Weak.jpg>]
<Relation.jpg, id=200, 615.0478pt x 730.22812pt>
File: Relation.jpg Graphic file (type jpg)
<use Relation.jpg>
Package pdftex.def Info: Relation.jpg  used on input line 1069.
(pdftex.def)             Requested size: 369.03154pt x 438.14024pt.
 [55]
<Recur.jpg, id=204, 606.76688pt x 175.40532pt>
File: Recur.jpg Graphic file (type jpg)
<use Recur.jpg>
Package pdftex.def Info: Recur.jpg  used on input line 1076.
(pdftex.def)             Requested size: 364.06293pt x 105.24399pt.
 [56 <./Relation.jpg>] [57 <./Recur.jpg>]
<ERDComp.jpg, id=211, 630.85687pt x 735.49782pt>
File: ERDComp.jpg Graphic file (type jpg)
<use ERDComp.jpg>
Package pdftex.def Info: ERDComp.jpg  used on input line 1100.
(pdftex.def)             Requested size: 378.51704pt x 441.3021pt.
 [58]
<UML1.jpg, id=215, 668.4975pt x 582.67688pt>
File: UML1.jpg Graphic file (type jpg)
<use UML1.jpg>
Package pdftex.def Info: UML1.jpg  used on input line 1107.
(pdftex.def)             Requested size: 467.94505pt x 407.87103pt.

Overfull \hbox (14.97716pt too wide) in paragraph at lines 1107--1108
 [][] 
 []

<UML2.jpg, id=216, 681.29532pt x 606.76688pt>
File: UML2.jpg Graphic file (type jpg)
<use UML2.jpg>
Package pdftex.def Info: UML2.jpg  used on input line 1112.
(pdftex.def)             Requested size: 476.90347pt x 424.73392pt.

Overfull \hbox (23.93558pt too wide) in paragraph at lines 1112--1113
 [][] 
 []

[59 <./ERDComp.jpg>] [60 <./UML1.jpg>] [61 <./UML2.jpg>]
Underfull \hbox (badness 10000) in paragraph at lines 1126--1132

 []


Underfull \hbox (badness 10000) in paragraph at lines 1126--1132

 []

[62] [63]
<DisjOver.jpg, id=233, 952.30782pt x 617.30624pt>
File: DisjOver.jpg Graphic file (type jpg)
<use DisjOver.jpg>
Package pdftex.def Info: DisjOver.jpg  used on input line 1158.
(pdftex.def)             Requested size: 380.91638pt x 246.91812pt.
<Constraint.jpg, id=234, 1009.52156pt x 222.07968pt>
File: Constraint.jpg Graphic file (type jpg)
<use Constraint.jpg>
Package pdftex.def Info: Constraint.jpg  used on input line 1167.
(pdftex.def)             Requested size: 403.80147pt x 88.83029pt.
 [64 <./DisjOver.jpg>] [65 <./Constraint.jpg>] [66]
Underfull \hbox (badness 1005) in paragraph at lines 1200--1201
[]|\OT1/cmr/m/n/12 The PK should not have em-bed-ded se-man-tic
 []


Overfull \hbox (17.37068pt too wide) in alignment at lines 1192--1211
 [] [] 
 []

[67] [68]
<one2one.jpg, id=251, 1008.76875pt x 206.27063pt>
File: one2one.jpg Graphic file (type jpg)
<use one2one.jpg>
Package pdftex.def Info: one2one.jpg  used on input line 1239.
(pdftex.def)             Requested size: 504.38315pt x 103.13506pt.

Overfull \hbox (51.41525pt too wide) in paragraph at lines 1239--1240
 [][] 
 []

<Time1.jpg, id=252, 861.2175pt x 472.76625pt>
File: Time1.jpg Graphic file (type jpg)
<use Time1.jpg>
Package pdftex.def Info: Time1.jpg  used on input line 1247.
(pdftex.def)             Requested size: 430.6077pt x 236.38254pt.
<Time2.jpg, id=253, 861.9703pt x 487.06969pt>
File: Time2.jpg Graphic file (type jpg)
<use Time2.jpg>
Package pdftex.def Info: Time2.jpg  used on input line 1252.
(pdftex.def)             Requested size: 430.9841pt x 243.53424pt.
[69 <./one2one.jpg>] [70 <./Time1.jpg> <./Time2.jpg>] [71]
Study Unit 5.
[72

] [73] [74] [75] [76] [77] [78] [79] (notes.aux)

LaTeX Warning: There were multiply-defined labels.

 )
(\end occurred inside a group at level 1)

### simple group (level 1) entered at line 689 ({)
### bottom level 
Here is how much of TeX's memory you used:
 13386 strings out of 480934
 261169 string characters out of 2909685
 492534 words of memory out of 3000000
 29010 multiletter control sequences out of 15000+200000
 540027 words of font info for 51 fonts, out of 3000000 for 9000
 1141 hyphenation exceptions out of 8191
 60i,9n,60p,1547b,814s stack positions out of 5000i,500n,10000p,200000b,50000s
 <C:\Users\Home\AppData\Local\MiKTeX\2.9\fonts/pk/ljfour/jknapp
en/ec/dpi600\tcrm1200.pk><C:/Program Files/MiKTeX 2.9/fonts/type1/public/amsfon
ts/cm/cmbx12.pfb><C:/Program Files/MiKTeX 2.9/fonts/type1/public/amsfonts/cm/cm
mi10.pfb><C:/Program Files/MiKTeX 2.9/fonts/type1/public/amsfonts/cm/cmmi12.pfb
><C:/Program Files/MiKTeX 2.9/fonts/type1/public/amsfonts/cm/cmmi8.pfb><C:/Prog
ram Files/MiKTeX 2.9/fonts/type1/public/amsfonts/cm/cmr10.pfb><C:/Program Files
/MiKTeX 2.9/fonts/type1/public/amsfonts/cm/cmr12.pfb><C:/Program Files/MiKTeX 2
.9/fonts/type1/public/amsfonts/cm/cmr17.pfb><C:/Program Files/MiKTeX 2.9/fonts/
type1/public/amsfonts/cm/cmr8.pfb><C:/Program Files/MiKTeX 2.9/fonts/type1/publ
ic/amsfonts/cm/cmsy10.pfb><C:/Program Files/MiKTeX 2.9/fonts/type1/public/amsfo
nts/cm/cmti12.pfb>
Output written on notes.pdf (80 pages, 1843740 bytes).
PDF statistics:
 328 PDF objects out of 1000 (max. 8388607)
 0 named destinations out of 1000 (max. 500000)
 113 words of extra memory for PDF output out of 10000 (max. 10000000)

